# JRE version: OpenJDK Runtime Environment (8.0_152-b01) (build 1.8.0_152-release-1343-b01)
# Java VM: OpenJDK 64-Bit Server VM (25.152-b01 mixed mode windows-amd64 compressed oops)
Heap:
 PSYoungGen      total 103936K, used 32260K [0x00000000e0000000, 0x00000000e7680000, 0x0000000100000000)
  eden space 95232K, 24% used [0x00000000e0000000,0x00000000e17044c0,0x00000000e5d00000)
  from space 8704K, 99% used [0x00000000e5d00000,0x00000000e657cc88,0x00000000e6580000)
  to   space 10240K, 0% used [0x00000000e6c80000,0x00000000e6c80000,0x00000000e7680000)
 ParOldGen       total 48128K, used 23543K [0x00000000a0000000, 0x00000000a2f00000, 0x00000000e0000000)
  object space 48128K, 48% used [0x00000000a0000000,0x00000000a16fdd30,0x00000000a2f00000)
 Metaspace       used 45785K, capacity 46952K, committed 47232K, reserved 1089536K
  class space    used 6176K, capacity 6476K, committed 6528K, reserved 1048576K
GC Heap History (10 events):
Event: 7.524 GC heap before
{Heap before GC invocations=9 (full 1):
 PSYoungGen      total 57344K, used 48640K [0x00000000e0000000, 0x00000000e7100000, 0x0000000100000000)
  eden space 48640K, 100% used [0x00000000e0000000,0x00000000e2f80000,0x00000000e2f80000)
  from space 8704K, 0% used [0x00000000e2f80000,0x00000000e2f80000,0x00000000e3800000)
  to   space 9216K, 0% used [0x00000000e6800000,0x00000000e6800000,0x00000000e7100000)
 ParOldGen       total 48128K, used 9267K [0x00000000a0000000, 0x00000000a2f00000, 0x00000000e0000000)
  object space 48128K, 19% used [0x00000000a0000000,0x00000000a090cd68,0x00000000a2f00000)
 Metaspace       used 26620K, capacity 27066K, committed 27392K, reserved 1073152K
  class space    used 3598K, capacity 3767K, committed 3840K, reserved 1048576K
Event: 7.536 GC heap after
Heap after GC invocations=9 (full 1):
 PSYoungGen      total 81920K, used 5757K [0x00000000e0000000, 0x00000000e6e00000, 0x0000000100000000)
  eden space 75776K, 0% used [0x00000000e0000000,0x00000000e0000000,0x00000000e4a00000)
  from space 6144K, 93% used [0x00000000e6800000,0x00000000e6d9f428,0x00000000e6e00000)
  to   space 8704K, 0% used [0x00000000e5d00000,0x00000000e5d00000,0x00000000e6580000)
 ParOldGen       total 48128K, used 9275K [0x00000000a0000000, 0x00000000a2f00000, 0x00000000e0000000)
  object space 48128K, 19% used [0x00000000a0000000,0x00000000a090ed68,0x00000000a2f00000)
 Metaspace       used 26620K, capacity 27066K, committed 27392K, reserved 1073152K
  class space    used 3598K, capacity 3767K, committed 3840K, reserved 1048576K
}
Event: 8.942 GC heap before
{Heap before GC invocations=10 (full 1):
 PSYoungGen      total 81920K, used 81533K [0x00000000e0000000, 0x00000000e6e00000, 0x0000000100000000)
  eden space 75776K, 100% used [0x00000000e0000000,0x00000000e4a00000,0x00000000e4a00000)
  from space 6144K, 93% used [0x00000000e6800000,0x00000000e6d9f428,0x00000000e6e00000)
  to   space 8704K, 0% used [0x00000000e5d00000,0x00000000e5d00000,0x00000000e6580000)
 ParOldGen       total 48128K, used 9275K [0x00000000a0000000, 0x00000000a2f00000, 0x00000000e0000000)
  object space 48128K, 19% used [0x00000000a0000000,0x00000000a090ed68,0x00000000a2f00000)
 Metaspace       used 31400K, capacity 32112K, committed 32256K, reserved 1077248K
  class space    used 4381K, capacity 4580K, committed 4608K, reserved 1048576K
Event: 8.964 GC heap after
Heap after GC invocations=10 (full 1):
 PSYoungGen      total 103936K, used 8703K [0x00000000e0000000, 0x00000000e7680000, 0x0000000100000000)
  eden space 95232K, 0% used [0x00000000e0000000,0x00000000e0000000,0x00000000e5d00000)
  from space 8704K, 99% used [0x00000000e5d00000,0x00000000e657fdd0,0x00000000e6580000)
  to   space 10240K, 0% used [0x00000000e6c80000,0x00000000e6c80000,0x00000000e7680000)
 ParOldGen       total 48128K, used 10979K [0x00000000a0000000, 0x00000000a2f00000, 0x00000000e0000000)
  object space 48128K, 22% used [0x00000000a0000000,0x00000000a0ab8d48,0x00000000a2f00000)
 Metaspace       used 31400K, capacity 32112K, committed 32256K, reserved 1077248K
  class space    used 4381K, capacity 4580K, committed 4608K, reserved 1048576K
}
Event: 10.189 GC heap before
{Heap before GC invocations=11 (full 1):
 PSYoungGen      total 103936K, used 74750K [0x00000000e0000000, 0x00000000e7680000, 0x0000000100000000)
  eden space 95232K, 69% used [0x00000000e0000000,0x00000000e407fd30,0x00000000e5d00000)
  from space 8704K, 99% used [0x00000000e5d00000,0x00000000e657fdd0,0x00000000e6580000)
  to   space 10240K, 0% used [0x00000000e6c80000,0x00000000e6c80000,0x00000000e7680000)
 ParOldGen       total 48128K, used 10979K [0x00000000a0000000, 0x00000000a2f00000, 0x00000000e0000000)
  object space 48128K, 22% used [0x00000000a0000000,0x00000000a0ab8d48,0x00000000a2f00000)
 Metaspace       used 34586K, capacity 35410K, committed 35456K, reserved 1079296K
  class space    used 4759K, capacity 4983K, committed 4992K, reserved 1048576K
Event: 10.280 GC heap after
Heap after GC invocations=11 (full 1):
 PSYoungGen      total 105472K, used 9361K [0x00000000e0000000, 0x00000000e7680000, 0x0000000100000000)
  eden space 95232K, 0% used [0x00000000e0000000,0x00000000e0000000,0x00000000e5d00000)
  from space 10240K, 91% used [0x00000000e6c80000,0x00000000e75a4580,0x00000000e7680000)
  to   space 8704K, 0% used [0x00000000e5d00000,0x00000000e5d00000,0x00000000e6580000)
 ParOldGen       total 48128K, used 13552K [0x00000000a0000000, 0x00000000a2f00000, 0x00000000e0000000)
  object space 48128K, 28% used [0x00000000a0000000,0x00000000a0d3c1b0,0x00000000a2f00000)
 Metaspace       used 34586K, capacity 35410K, committed 35456K, reserved 1079296K
  class space    used 4759K, capacity 4983K, committed 4992K, reserved 1048576K
}
Event: 10.280 GC heap before
{Heap before GC invocations=12 (full 2):
 PSYoungGen      total 105472K, used 9361K [0x00000000e0000000, 0x00000000e7680000, 0x0000000100000000)
  eden space 95232K, 0% used [0x00000000e0000000,0x00000000e0000000,0x00000000e5d00000)
  from space 10240K, 91% used [0x00000000e6c80000,0x00000000e75a4580,0x00000000e7680000)
  to   space 8704K, 0% used [0x00000000e5d00000,0x00000000e5d00000,0x00000000e6580000)
 ParOldGen       total 48128K, used 13552K [0x00000000a0000000, 0x00000000a2f00000, 0x00000000e0000000)
  object space 48128K, 28% used [0x00000000a0000000,0x00000000a0d3c1b0,0x00000000a2f00000)
 Metaspace       used 34586K, capacity 35410K, committed 35456K, reserved 1079296K
  class space    used 4759K, capacity 4983K, committed 4992K, reserved 1048576K
Event: 10.420 GC heap after
Heap after GC invocations=12 (full 2):
 PSYoungGen      total 105472K, used 0K [0x00000000e0000000, 0x00000000e7680000, 0x0000000100000000)
  eden space 95232K, 0% used [0x00000000e0000000,0x00000000e0000000,0x00000000e5d00000)
  from space 10240K, 0% used [0x00000000e6c80000,0x00000000e6c80000,0x00000000e7680000)
  to   space 8704K, 0% used [0x00000000e5d00000,0x00000000e5d00000,0x00000000e6580000)
 ParOldGen       total 48128K, used 18854K [0x00000000a0000000, 0x00000000a2f00000, 0x00000000e0000000)
  object space 48128K, 39% used [0x00000000a0000000,0x00000000a1269a38,0x00000000a2f00000)
 Metaspace       used 34586K, capacity 35410K, committed 35456K, reserved 1079296K
  class space    used 4759K, capacity 4983K, committed 4992K, reserved 1048576K
}
Event: 11.914 GC heap before
{Heap before GC invocations=13 (full 2):
 PSYoungGen      total 105472K, used 95232K [0x00000000e0000000, 0x00000000e7680000, 0x0000000100000000)
  eden space 95232K, 100% used [0x00000000e0000000,0x00000000e5d00000,0x00000000e5d00000)
  from space 10240K, 0% used [0x00000000e6c80000,0x00000000e6c80000,0x00000000e7680000)
  to   space 8704K, 0% used [0x00000000e5d00000,0x00000000e5d00000,0x00000000e6580000)
 ParOldGen       total 48128K, used 18854K [0x00000000a0000000, 0x00000000a2f00000, 0x00000000e0000000)
  object space 48128K, 39% used [0x00000000a0000000,0x00000000a1269a38,0x00000000a2f00000)
 Metaspace       used 44741K, capacity 45870K, committed 46080K, reserved 1089536K
  class space    used 6019K, capacity 6335K, committed 6400K, reserved 1048576K
Event: 11.930 GC heap after
Heap after GC invocations=13 (full 2):
 PSYoungGen      total 103936K, used 8691K [0x00000000e0000000, 0x00000000e7680000, 0x0000000100000000)
  eden space 95232K, 0% used [0x00000000e0000000,0x00000000e0000000,0x00000000e5d00000)
  from space 8704K, 99% used [0x00000000e5d00000,0x00000000e657cc88,0x00000000e6580000)
  to   space 10240K, 0% used [0x00000000e6c80000,0x00000000e6c80000,0x00000000e7680000)
 ParOldGen       total 48128K, used 23543K [0x00000000a0000000, 0x00000000a2f00000, 0x00000000e0000000)
  object space 48128K, 48% used [0x00000000a0000000,0x00000000a16fdd30,0x00000000a2f00000)
 Metaspace       used 44741K, capacity 45870K, committed 46080K, reserved 1089536K
  class space    used 6019K, capacity 6335K, committed 6400K, reserved 1048576K
}

