# JRE version: OpenJDK Runtime Environment (8.0_152-b01) (build 1.8.0_152-release-1343-b01)
# Java VM: OpenJDK 64-Bit Server VM (25.152-b01 mixed mode windows-amd64 compressed oops)
Heap:
 PSYoungGen      total 258048K, used 64186K [0x00000000e0000000, 0x00000000f1700000, 0x0000000100000000)
  eden space 239616K, 20% used [0x00000000e0000000,0x00000000e304cab8,0x00000000eea00000)
  from space 18432K, 79% used [0x00000000f0500000,0x00000000f1361e70,0x00000000f1700000)
  to   space 23040K, 0% used [0x00000000eea00000,0x00000000eea00000,0x00000000f0080000)
 ParOldGen       total 108544K, used 64278K [0x00000000a0000000, 0x00000000a6a00000, 0x00000000e0000000)
  object space 108544K, 59% used [0x00000000a0000000,0x00000000a3ec58c0,0x00000000a6a00000)
 Metaspace       used 78383K, capacity 81956K, committed 82088K, reserved 1120256K
  class space    used 10081K, capacity 10802K, committed 10920K, reserved 1048576K
GC Heap History (10 events):
Event: 24.830 GC heap before
{Heap before GC invocations=17 (full 3):
 PSYoungGen      total 189952K, used 8573K [0x00000000e0000000, 0x00000000ec700000, 0x0000000100000000)
  eden space 177152K, 0% used [0x00000000e0000000,0x00000000e0000000,0x00000000ead00000)
  from space 12800K, 66% used [0x00000000eb980000,0x00000000ec1df630,0x00000000ec600000)
  to   space 12800K, 0% used [0x00000000ead00000,0x00000000ead00000,0x00000000eb980000)
 ParOldGen       total 72704K, used 31016K [0x00000000a0000000, 0x00000000a4700000, 0x00000000e0000000)
  object space 72704K, 42% used [0x00000000a0000000,0x00000000a1e4a338,0x00000000a4700000)
 Metaspace       used 57492K, capacity 59090K, committed 59160K, reserved 1099776K
  class space    used 7701K, capacity 8073K, committed 8104K, reserved 1048576K
Event: 25.077 GC heap after
Heap after GC invocations=17 (full 3):
 PSYoungGen      total 189952K, used 0K [0x00000000e0000000, 0x00000000ec700000, 0x0000000100000000)
  eden space 177152K, 0% used [0x00000000e0000000,0x00000000e0000000,0x00000000ead00000)
  from space 12800K, 0% used [0x00000000eb980000,0x00000000eb980000,0x00000000ec600000)
  to   space 12800K, 0% used [0x00000000ead00000,0x00000000ead00000,0x00000000eb980000)
 ParOldGen       total 108544K, used 34014K [0x00000000a0000000, 0x00000000a6a00000, 0x00000000e0000000)
  object space 108544K, 31% used [0x00000000a0000000,0x00000000a2137978,0x00000000a6a00000)
 Metaspace       used 57492K, capacity 59090K, committed 59160K, reserved 1099776K
  class space    used 7701K, capacity 8073K, committed 8104K, reserved 1048576K
}
Event: 30.034 GC heap before
{Heap before GC invocations=18 (full 3):
 PSYoungGen      total 189952K, used 177152K [0x00000000e0000000, 0x00000000ec700000, 0x0000000100000000)
  eden space 177152K, 100% used [0x00000000e0000000,0x00000000ead00000,0x00000000ead00000)
  from space 12800K, 0% used [0x00000000eb980000,0x00000000eb980000,0x00000000ec600000)
  to   space 12800K, 0% used [0x00000000ead00000,0x00000000ead00000,0x00000000eb980000)
 ParOldGen       total 108544K, used 34014K [0x00000000a0000000, 0x00000000a6a00000, 0x00000000e0000000)
  object space 108544K, 31% used [0x00000000a0000000,0x00000000a2137978,0x00000000a6a00000)
 Metaspace       used 67288K, capacity 69828K, committed 69928K, reserved 1110016K
  class space    used 9156K, capacity 9704K, committed 9768K, reserved 1048576K
Event: 30.063 GC heap after
Heap after GC invocations=18 (full 3):
 PSYoungGen      total 189952K, used 12772K [0x00000000e0000000, 0x00000000ef000000, 0x0000000100000000)
  eden space 177152K, 0% used [0x00000000e0000000,0x00000000e0000000,0x00000000ead00000)
  from space 12800K, 99% used [0x00000000ead00000,0x00000000eb979288,0x00000000eb980000)
  to   space 15872K, 0% used [0x00000000ee080000,0x00000000ee080000,0x00000000ef000000)
 ParOldGen       total 108544K, used 37784K [0x00000000a0000000, 0x00000000a6a00000, 0x00000000e0000000)
  object space 108544K, 34% used [0x00000000a0000000,0x00000000a24e6288,0x00000000a6a00000)
 Metaspace       used 67288K, capacity 69828K, committed 69928K, reserved 1110016K
  class space    used 9156K, capacity 9704K, committed 9768K, reserved 1048576K
}
Event: 32.767 GC heap before
{Heap before GC invocations=19 (full 3):
 PSYoungGen      total 189952K, used 189924K [0x00000000e0000000, 0x00000000ef000000, 0x0000000100000000)
  eden space 177152K, 100% used [0x00000000e0000000,0x00000000ead00000,0x00000000ead00000)
  from space 12800K, 99% used [0x00000000ead00000,0x00000000eb979288,0x00000000eb980000)
  to   space 15872K, 0% used [0x00000000ee080000,0x00000000ee080000,0x00000000ef000000)
 ParOldGen       total 108544K, used 37784K [0x00000000a0000000, 0x00000000a6a00000, 0x00000000e0000000)
  object space 108544K, 34% used [0x00000000a0000000,0x00000000a24e6288,0x00000000a6a00000)
 Metaspace       used 68676K, capacity 71258K, committed 71464K, reserved 1112064K
  class space    used 9224K, capacity 9753K, committed 9768K, reserved 1048576K
Event: 32.814 GC heap after
Heap after GC invocations=19 (full 3):
 PSYoungGen      total 229376K, used 12720K [0x00000000e0000000, 0x00000000ef300000, 0x0000000100000000)
  eden space 213504K, 0% used [0x00000000e0000000,0x00000000e0000000,0x00000000ed080000)
  from space 15872K, 80% used [0x00000000ee080000,0x00000000eecec0b0,0x00000000ef000000)
  to   space 16384K, 0% used [0x00000000ed080000,0x00000000ed080000,0x00000000ee080000)
 ParOldGen       total 108544K, used 48866K [0x00000000a0000000, 0x00000000a6a00000, 0x00000000e0000000)
  object space 108544K, 45% used [0x00000000a0000000,0x00000000a2fb8a38,0x00000000a6a00000)
 Metaspace       used 68676K, capacity 71258K, committed 71464K, reserved 1112064K
  class space    used 9224K, capacity 9753K, committed 9768K, reserved 1048576K
}
Event: 37.864 GC heap before
{Heap before GC invocations=20 (full 3):
 PSYoungGen      total 229376K, used 226224K [0x00000000e0000000, 0x00000000ef300000, 0x0000000100000000)
  eden space 213504K, 100% used [0x00000000e0000000,0x00000000ed080000,0x00000000ed080000)
  from space 15872K, 80% used [0x00000000ee080000,0x00000000eecec0b0,0x00000000ef000000)
  to   space 16384K, 0% used [0x00000000ed080000,0x00000000ed080000,0x00000000ee080000)
 ParOldGen       total 108544K, used 48866K [0x00000000a0000000, 0x00000000a6a00000, 0x00000000e0000000)
  object space 108544K, 45% used [0x00000000a0000000,0x00000000a2fb8a38,0x00000000a6a00000)
 Metaspace       used 72188K, capacity 75046K, committed 75176K, reserved 1114112K
  class space    used 9581K, capacity 10147K, committed 10152K, reserved 1048576K
Event: 37.935 GC heap after
Heap after GC invocations=20 (full 3):
 PSYoungGen      total 229888K, used 16353K [0x00000000e0000000, 0x00000000f1b00000, 0x0000000100000000)
  eden space 213504K, 0% used [0x00000000e0000000,0x00000000e0000000,0x00000000ed080000)
  from space 16384K, 99% used [0x00000000ed080000,0x00000000ee078778,0x00000000ee080000)
  to   space 22528K, 0% used [0x00000000f0500000,0x00000000f0500000,0x00000000f1b00000)
 ParOldGen       total 108544K, used 58718K [0x00000000a0000000, 0x00000000a6a00000, 0x00000000e0000000)
  object space 108544K, 54% used [0x00000000a0000000,0x00000000a3957a30,0x00000000a6a00000)
 Metaspace       used 72188K, capacity 75046K, committed 75176K, reserved 1114112K
  class space    used 9581K, capacity 10147K, committed 10152K, reserved 1048576K
}
Event: 795.025 GC heap before
{Heap before GC invocations=21 (full 3):
 PSYoungGen      total 229888K, used 229857K [0x00000000e0000000, 0x00000000f1b00000, 0x0000000100000000)
  eden space 213504K, 100% used [0x00000000e0000000,0x00000000ed080000,0x00000000ed080000)
  from space 16384K, 99% used [0x00000000ed080000,0x00000000ee078778,0x00000000ee080000)
  to   space 22528K, 0% used [0x00000000f0500000,0x00000000f0500000,0x00000000f1b00000)
 ParOldGen       total 108544K, used 58718K [0x00000000a0000000, 0x00000000a6a00000, 0x00000000e0000000)
  object space 108544K, 54% used [0x00000000a0000000,0x00000000a3957a30,0x00000000a6a00000)
 Metaspace       used 78381K, capacity 81956K, committed 82088K, reserved 1120256K
  class space    used 10081K, capacity 10802K, committed 10920K, reserved 1048576K
Event: 795.110 GC heap after
Heap after GC invocations=21 (full 3):
 PSYoungGen      total 258048K, used 14727K [0x00000000e0000000, 0x00000000f1700000, 0x0000000100000000)
  eden space 239616K, 0% used [0x00000000e0000000,0x00000000e0000000,0x00000000eea00000)
  from space 18432K, 79% used [0x00000000f0500000,0x00000000f1361e70,0x00000000f1700000)
  to   space 23040K, 0% used [0x00000000eea00000,0x00000000eea00000,0x00000000f0080000)
 ParOldGen       total 108544K, used 64278K [0x00000000a0000000, 0x00000000a6a00000, 0x00000000e0000000)
  object space 108544K, 59% used [0x00000000a0000000,0x00000000a3ec58c0,0x00000000a6a00000)
 Metaspace       used 78381K, capacity 81956K, committed 82088K, reserved 1120256K
  class space    used 10081K, capacity 10802K, committed 10920K, reserved 1048576K
}

